#
# A fatal error has been detected by the Java Runtime Environment:
#
#  EXCEPTION_ACCESS_VIOLATION (0xc0000005) at pc=0x00007fffa5171335, pid=6652, tid=0x0000000000003030
#
# JRE version: Java(TM) SE Runtime Environment (8.0_202-b08) (build 1.8.0_202-b08)
# Java VM: Java HotSpot(TM) 64-Bit Server VM (25.202-b08 mixed mode windows-amd64 compressed oops)
# Problematic frame:
# C  [management.dll+0x1335]
#
# Failed to write core dump. Minidumps are not enabled by default on client versions of Windows
#
# If you would like to submit a bug report, please visit:
#   http://bugreport.java.com/bugreport/crash.jsp
# The crash happened outside the Java Virtual Machine in native code.
# See problematic frame for where to report the bug.
#

---------------  T H R E A D  ---------------

Current thread (0x0000000002f43800):  JavaThread "main" [_thread_in_native, id=12336, stack(0x0000000002d40000,0x0000000002e40000)]

siginfo: ExceptionCode=0xc0000005, reading address 0xffffffffffffffff

Registers:
RAX=0x0000000021210900, RBX=0x0000000000000017, RCX=0x0000000002f439f8, RDX=0x0000000000000001
RSP=0x0000000002e3c600, RBP=0x0000000002f439f8, RSI=0x0000000025510468, RDI=0x0000000000000017
R8 =0x0000000000000000, R9 =0x0000000000000012, R10=0x0000000000000000, R11=0x00000000293129b0
R12=0x0000000000000000, R13=0x000000002a94e690, R14=0x0000000025efd0b8, R15=0x0000000002e3c768
RIP=0x00007fffa5171335, EFLAGS=0x0000000000010206

Top of Stack: (sp=0x0000000002e3c600)
0x0000000002e3c600:   0000000000000017 0000000025510468
0x0000000002e3c610:   0000000025510468 00000000030480e0
0x0000000002e3c620:   0000000002f43800 0000000002f37cc0
0x0000000002e3c630:   000000002a94e690 0000000002e3c770
0x0000000002e3c640:   0000000002f38c80 000000006d32c576
0x0000000002e3c650:   0000000002e3cc18 0000000002e3c768
0x0000000002e3c660:   000000000000000e 0000000002f43800
0x0000000002e3c670:   000000002a94e690 0000000002f43800
0x0000000002e3c680:   000000002a94e690 0000000000000017
0x0000000002e3c690:   0000000002f43800 0000000002e3c770
0x0000000002e3c6a0:   000000002a94e690 0000000000000000
0x0000000002e3c6b0:   00000000030480e0 0000000025510468
0x0000000002e3c6c0:   0000000002e3c748 0000000003058c67
0x0000000002e3c6d0:   000000002a94e690 00000000030589ab
0x0000000002e3c6e0:   0000000002f43800 00000000000003ff
0x0000000002e3c6f0:   0000000025510468 0000000002f43800 

Instructions: (pc=0x00007fffa5171335)
0x00007fffa5171315:   8b cb 48 8b fb 48 89 9c 24 88 00 00 00 48 6b c9
0x00007fffa5171325:   38 ff 15 ac 3e 00 00 48 8b cd 4c 25 a0 0f 65 71
0x00007fffa5171335:   a0 95 57 1b 53 89 f1 49 09 6b b2 0f 7d 6a a2 5f
0x00007fffa5171345:   97 98 83 65 14 03 c7 93 e7 33 b0 43 93 f3 a0 f5 


Register to memory mapping:

RAX=0x0000000021210900 is an unknown value
RBX=0x0000000000000017 is an unknown value
RCX=0x0000000002f439f8 is an unknown value
RDX=0x0000000000000001 is an unknown value
RSP=0x0000000002e3c600 is pointing into the stack for thread: 0x0000000002f43800
RBP=0x0000000002f439f8 is an unknown value
RSI={method} {0x0000000025510470} '<init>' '()V' in 'java/lang/Object'
RDI=0x0000000000000017 is an unknown value
R8 =0x0000000000000000 is an unknown value
R9 =0x0000000000000012 is an unknown value
R10=0x0000000000000000 is an unknown value
R11=0x00000000293129b0 is an unknown value
R12=0x0000000000000000 is an unknown value
R13={method} {0x000000002a94e698} 'getDiagnosticCommandInfo' '([Ljava/lang/String;)[Lsun/management/DiagnosticCommandInfo;' in 'sun/management/DiagnosticCommandImpl'
R14=0x0000000025efd0b8 is an unknown value
R15=0x0000000002e3c768 is pointing into the stack for thread: 0x0000000002f43800


Stack: [0x0000000002d40000,0x0000000002e40000],  sp=0x0000000002e3c600,  free space=1009k
Native frames: (J=compiled Java code, j=interpreted, Vv=VM code, C=native code)
C  [management.dll+0x1335]
C  0x0000000003058c67

Java frames: (J=compiled Java code, j=interpreted, Vv=VM code)
j  sun.management.DiagnosticCommandImpl.getDiagnosticCommandInfo([Ljava/lang/String;)[Lsun/management/DiagnosticCommandInfo;+0
j  sun.management.DiagnosticCommandImpl.getMBeanInfo()Ljavax/management/MBeanInfo;+37
j  com.sun.jmx.interceptor.DefaultMBeanServerInterceptor.getNewMBeanClassName(Ljava/lang/Object;)Ljava/lang/String;+13
j  com.sun.jmx.interceptor.DefaultMBeanServerInterceptor.registerMBean(Ljava/lang/Object;Ljavax/management/ObjectName;)Ljavax/management/ObjectInstance;+10
j  com.sun.jmx.mbeanserver.JmxMBeanServer.registerMBean(Ljava/lang/Object;Ljavax/management/ObjectName;)Ljavax/management/ObjectInstance;+10
j  java.lang.management.ManagementFactory$3.run()Ljava/lang/Void;+12
j  java.lang.management.ManagementFactory$3.run()Ljava/lang/Object;+1
v  ~StubRoutines::call_stub
j  java.security.AccessController.doPrivileged(Ljava/security/PrivilegedExceptionAction;)Ljava/lang/Object;+0
j  java.lang.management.ManagementFactory.addDynamicMBean(Ljavax/management/MBeanServer;Ljavax/management/DynamicMBean;Ljavax/management/ObjectName;)V+10
j  java.lang.management.ManagementFactory.getPlatformMBeanServer()Ljavax/management/MBeanServer;+186
j  org.apache.logging.log4j.core.jmx.Server.reregisterMBeansAfterReconfigure()V+15
j  org.apache.logging.log4j.core.LoggerContext.setConfiguration(Lorg/apache/logging/log4j/core/config/Configuration;)Lorg/apache/logging/log4j/core/config/Configuration;+160
j  org.apache.logging.log4j.core.LoggerContext.reconfigure(Ljava/net/URI;)V+89
j  org.apache.logging.log4j.core.LoggerContext.reconfigure()V+5
j  org.apache.logging.log4j.core.LoggerContext.start()V+77
j  org.apache.logging.log4j.core.impl.Log4jContextFactory.getContext(Ljava/lang/String;Ljava/lang/ClassLoader;Ljava/lang/Object;ZLjava/net/URI;Ljava/lang/String;)Lorg/apache/logging/log4j/core/LoggerContext;+123
j  org.apache.logging.log4j.core.impl.Log4jContextFactory.getContext(Ljava/lang/String;Ljava/lang/ClassLoader;Ljava/lang/Object;ZLjava/net/URI;Ljava/lang/String;)Lorg/apache/logging/log4j/spi/LoggerContext;+10
j  org.apache.logging.log4j.LogManager.getContext(Z)Lorg/apache/logging/log4j/spi/LoggerContext;+11
j  org.apache.logging.log4j.LogManager.getLogger(Ljava/lang/String;)Lorg/apache/logging/log4j/Logger;+5
j  org.jboss.logging.Log4j2Logger.<init>(Ljava/lang/String;)V+6
j  org.jboss.logging.Log4j2LoggerProvider.getLogger(Ljava/lang/String;)Lorg/jboss/logging/Log4j2Logger;+5
j  org.jboss.logging.Log4j2LoggerProvider.getLogger(Ljava/lang/String;)Lorg/jboss/logging/Logger;+2
j  org.jboss.logging.LoggerProviders.logProvider(Lorg/jboss/logging/LoggerProvider;Ljava/lang/String;)V+10
j  org.jboss.logging.LoggerProviders.tryLog4j2(Ljava/lang/ClassLoader;Ljava/lang/String;)Lorg/jboss/logging/LoggerProvider;+34
j  org.jboss.logging.LoggerProviders.findProvider()Lorg/jboss/logging/LoggerProvider;+167
j  org.jboss.logging.LoggerProviders.find()Lorg/jboss/logging/LoggerProvider;+0
j  org.jboss.logging.LoggerProviders.<clinit>()V+0
v  ~StubRoutines::call_stub
j  org.jboss.logging.Logger.getLogger(Ljava/lang/String;)Lorg/jboss/logging/Logger;+0
j  org.jboss.logging.Logger.getLogger(Ljava/lang/Class;)Lorg/jboss/logging/Logger;+4
j  org.hibernate.jpa.HibernatePersistenceProvider.<clinit>()V+2
v  ~StubRoutines::call_stub
j  sun.reflect.NativeConstructorAccessorImpl.newInstance0(Ljava/lang/reflect/Constructor;[Ljava/lang/Object;)Ljava/lang/Object;+0
j  sun.reflect.NativeConstructorAccessorImpl.newInstance([Ljava/lang/Object;)Ljava/lang/Object;+85
j  sun.reflect.DelegatingConstructorAccessorImpl.newInstance([Ljava/lang/Object;)Ljava/lang/Object;+5
j  java.lang.reflect.Constructor.newInstance([Ljava/lang/Object;)Ljava/lang/Object;+79
j  java.lang.Class.newInstance()Ljava/lang/Object;+138
j  java.util.ServiceLoader$LazyIterator.nextService()Ljava/lang/Object;+119
j  java.util.ServiceLoader$LazyIterator.next()Ljava/lang/Object;+11
j  java.util.ServiceLoader$1.next()Ljava/lang/Object;+37
j  javax.persistence.spi.PersistenceProviderResolverHolder$DefaultPersistenceProviderResolver.getPersistenceProviders()Ljava/util/List;+83
j  javax.persistence.Persistence.createEntityManagerFactory(Ljava/lang/String;Ljava/util/Map;)Ljavax/persistence/EntityManagerFactory;+7
j  javax.persistence.Persistence.createEntityManagerFactory(Ljava/lang/String;)Ljavax/persistence/EntityManagerFactory;+2
j  com.matancita.domain.GenericDAO.<init>()V+14
j  com.matancita.dao.AlumnoDAO.<init>()V+1
j  test.test.main([Ljava/lang/String;)V+4
v  ~StubRoutines::call_stub

---------------  P R O C E S S  ---------------

Java Threads: ( => current thread )
  0x0000000027ed2000 JavaThread "Service Thread" daemon [_thread_blocked, id=14896, stack(0x0000000028a00000,0x0000000028b00000)]
  0x0000000027e38800 JavaThread "C1 CompilerThread3" daemon [_thread_blocked, id=15788, stack(0x0000000028900000,0x0000000028a00000)]
  0x0000000027e36800 JavaThread "C2 CompilerThread2" daemon [_thread_blocked, id=7120, stack(0x0000000028800000,0x0000000028900000)]
  0x0000000027e31800 JavaThread "C2 CompilerThread1" daemon [_thread_blocked, id=5476, stack(0x0000000028700000,0x0000000028800000)]
  0x0000000027e2e000 JavaThread "C2 CompilerThread0" daemon [_thread_blocked, id=12940, stack(0x0000000028600000,0x0000000028700000)]
  0x0000000027e2c800 JavaThread "Attach Listener" daemon [_thread_blocked, id=4552, stack(0x0000000028500000,0x0000000028600000)]
  0x0000000027e2b000 JavaThread "Signal Dispatcher" daemon [_thread_blocked, id=12896, stack(0x0000000028400000,0x0000000028500000)]
  0x0000000027e20800 JavaThread "Finalizer" daemon [_thread_blocked, id=436, stack(0x0000000028200000,0x0000000028300000)]
  0x0000000003039000 JavaThread "Reference Handler" daemon [_thread_blocked, id=14812, stack(0x0000000027d00000,0x0000000027e00000)]
=>0x0000000002f43800 JavaThread "main" [_thread_in_native, id=12336, stack(0x0000000002d40000,0x0000000002e40000)]

Other Threads:
  0x0000000025ef9800 VMThread [stack: 0x0000000027c00000,0x0000000027d00000] [id=13112]
  0x0000000027ef4000 WatcherThread [stack: 0x0000000028b00000,0x0000000028c00000] [id=13792]

VM state:not at safepoint (normal execution)

VM Mutex/Monitor currently owned by a thread: None

heap address: 0x00000005c2e00000, size: 8146 MB, Compressed Oops mode: Zero based, Oop shift amount: 3
Narrow klass base: 0x0000000000000000, Narrow klass shift: 3
Compressed class space size: 1073741824 Address: 0x00000007c0000000

Heap:
 PSYoungGen      total 152576K, used 99923K [0x0000000716500000, 0x0000000720f00000, 0x00000007c0000000)
  eden space 131072K, 76% used [0x0000000716500000,0x000000071c694e00,0x000000071e500000)
  from space 21504K, 0% used [0x000000071fa00000,0x000000071fa00000,0x0000000720f00000)
  to   space 21504K, 0% used [0x000000071e500000,0x000000071e500000,0x000000071fa00000)
 ParOldGen       total 348160K, used 0K [0x00000005c2e00000, 0x00000005d8200000, 0x0000000716500000)
  object space 348160K, 0% used [0x00000005c2e00000,0x00000005c2e00000,0x00000005d8200000)
 Metaspace       used 11844K, capacity 12070K, committed 12416K, reserved 1060864K
  class space    used 1469K, capacity 1538K, committed 1664K, reserved 1048576K

Card table byte_map: [0x0000000012400000,0x00000000133f0000] byte_map_base: 0x000000000f5e9000

Marking Bits: (ParMarkBitMap*) 0x000000006da95ce0
 Begin Bits: [0x0000000014690000, 0x000000001c5d8000)
 End Bits:   [0x000000001c5d8000, 0x0000000024520000)

Polling page: 0x0000000001420000

CodeCache: size=245760Kb used=3344Kb max_used=3355Kb free=242415Kb
 bounds [0x0000000003040000, 0x0000000003390000, 0x0000000012040000]
 total_blobs=1288 nmethods=918 adapters=283
 compilation: enabled

Compilation events (10 events):
Event: 0.873 Thread 0x0000000027e38800  914       3       java.lang.Class$MethodArray::<init> (38 bytes)
Event: 0.873 Thread 0x0000000027e38800 nmethod 914 0x0000000003384550 code [0x00000000033846c0, 0x0000000003384a28]
Event: 0.873 Thread 0x0000000027e38800  915       3       java.util.IdentityHashMap::containsKey (55 bytes)
Event: 0.873 Thread 0x0000000027e31800  917       4       java.util.ArrayList$Itr::next (66 bytes)
Event: 0.873 Thread 0x0000000027e38800 nmethod 915 0x0000000003384b50 code [0x0000000003384ce0, 0x0000000003385168]
Event: 0.873 Thread 0x0000000027e38800  918       1       java.util.WeakHashMap::indexFor (6 bytes)
Event: 0.873 Thread 0x0000000027e38800 nmethod 918 0x0000000003385390 code [0x00000000033854e0, 0x00000000033855d0]
Event: 0.874 Thread 0x0000000027e38800  916       3       java.util.Arrays::binarySearch0 (95 bytes)
Event: 0.874 Thread 0x0000000027e38800 nmethod 916 0x0000000003385610 code [0x00000000033857a0, 0x0000000003385bd8]
Event: 0.874 Thread 0x0000000027e31800 nmethod 917 0x0000000003388b50 code [0x0000000003388ca0, 0x0000000003388db8]

GC Heap History (0 events):
No events

Deoptimization events (5 events):
Event: 0.489 Thread 0x0000000002f43800 Uncommon trap: reason=unstable_if action=reinterpret pc=0x00000000032874fc method=java.util.HashMap.getNode(ILjava/lang/Object;)Ljava/util/HashMap$Node; @ 62
Event: 0.491 Thread 0x0000000002f43800 Uncommon trap: reason=unstable_if action=reinterpret pc=0x00000000032a4cf8 method=java.util.HashMap.getNode(ILjava/lang/Object;)Ljava/util/HashMap$Node; @ 62
Event: 0.693 Thread 0x0000000002f43800 Uncommon trap: reason=unstable_if action=reinterpret pc=0x0000000003218564 method=sun.misc.MetaIndex.mayContain(Ljava/lang/String;)Z @ 38
Event: 0.718 Thread 0x0000000002f43800 Uncommon trap: reason=unstable_if action=reinterpret pc=0x0000000003327a08 method=java.util.HashMap.getNode(ILjava/lang/Object;)Ljava/util/HashMap$Node; @ 129
Event: 0.720 Thread 0x0000000002f43800 Uncommon trap: reason=range_check action=make_not_entrant pc=0x00000000032b06a8 method=sun.reflect.generics.parser.SignatureParser.current()C @ 34

Classes redefined (0 events):
No events

Internal exceptions (10 events):
Event: 0.131 Thread 0x0000000002f43800 Exception <a 'java/security/PrivilegedActionException'> (0x000000071a3424a8) thrown at [C:\re\workspace\8-2-build-windows-amd64-cygwin\jdk8u202\12323\hotspot\src\share\vm\prims\jvm.cpp, line 1502]
Event: 0.131 Thread 0x0000000002f43800 Exception <a 'java/security/PrivilegedActionException'> (0x000000071a3428a0) thrown at [C:\re\workspace\8-2-build-windows-amd64-cygwin\jdk8u202\12323\hotspot\src\share\vm\prims\jvm.cpp, line 1502]
Event: 0.131 Thread 0x0000000002f43800 Exception <a 'java/security/PrivilegedActionException'> (0x000000071a343f20) thrown at [C:\re\workspace\8-2-build-windows-amd64-cygwin\jdk8u202\12323\hotspot\src\share\vm\prims\jvm.cpp, line 1502]
Event: 0.131 Thread 0x0000000002f43800 Exception <a 'java/security/PrivilegedActionException'> (0x000000071a344318) thrown at [C:\re\workspace\8-2-build-windows-amd64-cygwin\jdk8u202\12323\hotspot\src\share\vm\prims\jvm.cpp, line 1502]
Event: 0.131 Thread 0x0000000002f43800 Exception <a 'java/security/PrivilegedActionException'> (0x000000071a345a88) thrown at [C:\re\workspace\8-2-build-windows-amd64-cygwin\jdk8u202\12323\hotspot\src\share\vm\prims\jvm.cpp, line 1502]
Event: 0.131 Thread 0x0000000002f43800 Exception <a 'java/security/PrivilegedActionException'> (0x000000071a345e80) thrown at [C:\re\workspace\8-2-build-windows-amd64-cygwin\jdk8u202\12323\hotspot\src\share\vm\prims\jvm.cpp, line 1502]
Event: 0.542 Thread 0x0000000002f43800 Exception <a 'java/lang/NoSuchFieldError': method resolution failed> (0x000000071bb6d238) thrown at [C:\re\workspace\8-2-build-windows-amd64-cygwin\jdk8u202\12323\hotspot\src\share\vm\prims\methodHandles.cpp, line 1167]
Event: 0.543 Thread 0x0000000002f43800 Exception <a 'java/lang/NoSuchFieldError': method resolution failed> (0x000000071bb7a928) thrown at [C:\re\workspace\8-2-build-windows-amd64-cygwin\jdk8u202\12323\hotspot\src\share\vm\prims\methodHandles.cpp, line 1167]
Event: 0.721 Thread 0x0000000002f43800 Exception <a 'java/lang/ArrayIndexOutOfBoundsException': 18> (0x000000071bed3d58) thrown at [C:\re\workspace\8-2-build-windows-amd64-cygwin\jdk8u202\12323\hotspot\src\share\vm\interpreter\interpreterRuntime.cpp, line 368]
Event: 0.722 Thread 0x0000000002f43800 Exception <a 'java/lang/ArrayIndexOutOfBoundsException': 110> (0x000000071bed52b0) thrown at [C:\re\workspace\8-2-build-windows-amd64-cygwin\jdk8u202\12323\hotspot\src\share\vm\interpreter\interpreterRuntime.cpp, line 368]

Events (10 events):
Event: 0.874 loading class sun/management/DiagnosticCommandImpl
Event: 0.874 loading class com/sun/management/DiagnosticCommandMBean
Event: 0.874 loading class com/sun/management/DiagnosticCommandMBean done
Event: 0.874 loading class sun/management/DiagnosticCommandImpl done
Event: 0.875 loading class java/lang/management/ManagementFactory$3
Event: 0.875 loading class java/lang/management/ManagementFactory$3 done
Event: 0.875 loading class sun/management/DiagnosticCommandImpl$OperationInfoComparator
Event: 0.875 loading class sun/management/DiagnosticCommandImpl$OperationInfoComparator done
Event: 0.875 loading class sun/management/DiagnosticCommandInfo
Event: 0.875 loading class sun/management/DiagnosticCommandInfo done


Dynamic libraries:
0x00007ff71fba0000 - 0x00007ff71fbd7000 	C:\Program Files (x86)\Common Files\Oracle\Java\javapath\java.exe
0x00007fffbbcb0000 - 0x00007fffbbea8000 	C:\WINDOWS\SYSTEM32\ntdll.dll
0x00007fffb9f60000 - 0x00007fffba01f000 	C:\WINDOWS\System32\KERNEL32.DLL
0x00007fffb9610000 - 0x00007fffb98e2000 	C:\WINDOWS\System32\KERNELBASE.dll
0x00007fffbaab0000 - 0x00007fffbab5e000 	C:\WINDOWS\System32\ADVAPI32.dll
0x00007fffbac80000 - 0x00007fffbad1e000 	C:\WINDOWS\System32\msvcrt.dll
0x00007fffbbb70000 - 0x00007fffbbc0c000 	C:\WINDOWS\System32\sechost.dll
0x00007fffba760000 - 0x00007fffba885000 	C:\WINDOWS\System32\RPCRT4.dll
0x00007fffba020000 - 0x00007fffba1bd000 	C:\WINDOWS\System32\USER32.dll
0x00007fffb9cd0000 - 0x00007fffb9cf2000 	C:\WINDOWS\System32\win32u.dll
0x00007fffba6b0000 - 0x00007fffba6db000 	C:\WINDOWS\System32\GDI32.dll
0x00007fffb9b10000 - 0x00007fffb9c1f000 	C:\WINDOWS\System32\gdi32full.dll
0x00007fffb9920000 - 0x00007fffb99bd000 	C:\WINDOWS\System32\msvcp_win.dll
0x00007fffb9510000 - 0x00007fffb9610000 	C:\WINDOWS\System32\ucrtbase.dll
0x00007fffa07d0000 - 0x00007fffa0a6a000 	C:\WINDOWS\WinSxS\amd64_microsoft.windows.common-controls_6595b64144ccf1df_6.0.19041.1110_none_60b5254171f9507e\COMCTL32.dll
0x00007fffbaa70000 - 0x00007fffbaaa2000 	C:\WINDOWS\System32\IMM32.DLL
0x000000006db20000 - 0x000000006dbf2000 	C:\Program Files\Java\jre1.8.0_202\bin\msvcr100.dll
0x000000006d270000 - 0x000000006db15000 	C:\Program Files\Java\jre1.8.0_202\bin\server\jvm.dll
0x00007fffbbab0000 - 0x00007fffbbab8000 	C:\WINDOWS\System32\PSAPI.DLL
0x00007fffb25b0000 - 0x00007fffb25b9000 	C:\WINDOWS\SYSTEM32\WSOCK32.dll
0x00007fffb0f10000 - 0x00007fffb0f1a000 	C:\WINDOWS\SYSTEM32\VERSION.dll
0x00007fff96a10000 - 0x00007fff96a37000 	C:\WINDOWS\SYSTEM32\WINMM.dll
0x00007fffbb960000 - 0x00007fffbb9cb000 	C:\WINDOWS\System32\WS2_32.dll
0x00007fffaa1b0000 - 0x00007fffaa1bf000 	C:\Program Files\Java\jre1.8.0_202\bin\verify.dll
0x00007fff940c0000 - 0x00007fff940e9000 	C:\Program Files\Java\jre1.8.0_202\bin\java.dll
0x00007fff94490000 - 0x00007fff944a6000 	C:\Program Files\Java\jre1.8.0_202\bin\zip.dll
0x00007fffbb190000 - 0x00007fffbb8d3000 	C:\WINDOWS\System32\SHELL32.dll
0x00007fffb7450000 - 0x00007fffb7be2000 	C:\WINDOWS\SYSTEM32\windows.storage.dll
0x00007fffba220000 - 0x00007fffba574000 	C:\WINDOWS\System32\combase.dll
0x00007fffb8e10000 - 0x00007fffb8e40000 	C:\WINDOWS\SYSTEM32\Wldp.dll
0x00007fffbbac0000 - 0x00007fffbbb6d000 	C:\WINDOWS\System32\SHCORE.dll
0x00007fffba700000 - 0x00007fffba755000 	C:\WINDOWS\System32\shlwapi.dll
0x00007fffb92f0000 - 0x00007fffb930f000 	C:\WINDOWS\SYSTEM32\profapi.dll
0x00007fffa5170000 - 0x00007fffa517d000 	C:\Program Files\Java\jre1.8.0_202\bin\management.dll
0x00007fff91970000 - 0x00007fff9198a000 	C:\Program Files\Java\jre1.8.0_202\bin\net.dll
0x00007fffa4cc0000 - 0x00007fffa4ead000 	C:\WINDOWS\SYSTEM32\urlmon.dll
0x00007fffa90e0000 - 0x00007fffa9108000 	C:\WINDOWS\SYSTEM32\srvcli.dll
0x00007fffa4a00000 - 0x00007fffa4cb1000 	C:\WINDOWS\SYSTEM32\iertutil.dll
0x00007fffb8900000 - 0x00007fffb890c000 	C:\WINDOWS\SYSTEM32\netutils.dll
0x00007fffb8b00000 - 0x00007fffb8b6a000 	C:\WINDOWS\system32\mswsock.dll
0x00007fff925c0000 - 0x00007fff925d7000 	C:\WINDOWS\system32\napinsp.dll
0x00007fff925a0000 - 0x00007fff925bb000 	C:\WINDOWS\system32\pnrpnsp.dll
0x00007fffb4810000 - 0x00007fffb482d000 	C:\WINDOWS\system32\NLAapi.dll
0x00007fffb87f0000 - 0x00007fffb882b000 	C:\WINDOWS\SYSTEM32\IPHLPAPI.DLL
0x00007fff92580000 - 0x00007fff92595000 	C:\WINDOWS\system32\wshbth.dll
0x00007fffb8830000 - 0x00007fffb88fa000 	C:\WINDOWS\SYSTEM32\DNSAPI.dll
0x00007fffba6e0000 - 0x00007fffba6e8000 	C:\WINDOWS\System32\NSI.dll
0x00007fff92560000 - 0x00007fff92572000 	C:\WINDOWS\System32\winrnr.dll
0x00007fffb0ee0000 - 0x00007fffb0eea000 	C:\Windows\System32\rasadhlp.dll
0x00007fffa9bb0000 - 0x00007fffa9c30000 	C:\WINDOWS\System32\fwpuclnt.dll
0x00007fffb98f0000 - 0x00007fffb9917000 	C:\WINDOWS\System32\bcrypt.dll
0x00007fffb0ef0000 - 0x00007fffb0f07000 	C:\WINDOWS\SYSTEM32\dhcpcsvc6.DLL
0x00007fffb1920000 - 0x00007fffb193d000 	C:\WINDOWS\SYSTEM32\dhcpcsvc.DLL
0x00007fffb8d60000 - 0x00007fffb8d78000 	C:\WINDOWS\SYSTEM32\CRYPTSP.dll
0x00007fffb8420000 - 0x00007fffb8454000 	C:\WINDOWS\system32\rsaenh.dll
0x00007fffb92b0000 - 0x00007fffb92de000 	C:\WINDOWS\SYSTEM32\USERENV.dll
0x00007fffb9a80000 - 0x00007fffb9b02000 	C:\WINDOWS\System32\bcryptprimitives.dll
0x00007fffb8d80000 - 0x00007fffb8d8c000 	C:\WINDOWS\SYSTEM32\CRYPTBASE.dll
0x00007fff91950000 - 0x00007fff91962000 	C:\Program Files\Java\jre1.8.0_202\bin\nio.dll
0x00007fffb4ca0000 - 0x00007fffb4e84000 	C:\WINDOWS\SYSTEM32\dbghelp.dll

VM Arguments:
java_command: test.test
java_class_path (initial): C:\Cursos\Hibernate\Leccion04\SgaWebHibernateJPA\target\classes;C:\Users\manue\.m2\repository\org\hibernate\orm\hibernate-core\6.0.0.Alpha4\hibernate-core-6.0.0.Alpha4.jar;C:\Users\manue\.m2\repository\org\junit\vintage\junit-vintage-engine\5.3.1\junit-vintage-engine-5.3.1.jar;C:\Users\manue\.m2\repository\org\apiguardian\apiguardian-api\1.0.0\apiguardian-api-1.0.0.jar;C:\Users\manue\.m2\repository\org\junit\platform\junit-platform-engine\1.3.1\junit-platform-engine-1.3.1.jar;C:\Users\manue\.m2\repository\org\junit\platform\junit-platform-commons\1.3.1\junit-platform-commons-1.3.1.jar;C:\Users\manue\.m2\repository\org\opentest4j\opentest4j\1.1.1\opentest4j-1.1.1.jar;C:\Users\manue\.m2\repository\junit\junit\4.12\junit-4.12.jar;C:\Users\manue\.m2\repository\org\hamcrest\hamcrest-core\1.3\hamcrest-core-1.3.jar;C:\Users\manue\.m2\repository\org\junit\jupiter\junit-jupiter-engine\5.3.1\junit-jupiter-engine-5.3.1.jar;C:\Users\manue\.m2\repository\org\junit\jupiter\junit-jupiter-api\5.3.1\junit-jupiter-api-5.3.1.jar;C:\Users\manue\.m2\repository\org\jboss\logging\jboss-logging\3.3.2.Final\jboss-logging-3.3.2.Final.jar;C:\Users\manue\.m2\repository\javax\persistence\javax.persistence-api\2.2\javax.persistence-api-2.2.jar;C:\Users\manue\.m2\repository\org\javassist\javassist\3.24.0-GA\javassist-3.24.0-GA.jar;C:\Users\manue\.m2\repository\net\bytebuddy\byte-buddy\1.10.2\byte-buddy-1.10.2.jar;C:\Users\manue\.m2\repository\org\antlr\antlr4\4.7.1\antlr4-4.7.1.jar;C:\Users\manue\.m2\repository\org\antlr\antlr4-runtime\4.7.1\antlr4-runtime-4.7.1.jar;C:\Users\manue\.m2\repository\org\antlr\antlr-runtime\3.5.2\antlr-runtime-3.5.2.jar;C:\Users\manue\.m2\repository\org\antlr\ST4\4.0.8\ST4-4.0.8.jar;C:\Users\manue\.m2\repository\org\abego\treelayout\org.abego.treelayout.core\1.0.3\org.abego.treelayout.core-1.0.3.jar;C:\Users\manue\.m2\repository\org\glassfish\javax.json\1.0.4\javax.json-1.0.4.jar;C:\Users\manue\.m2\repository\com\ibm\icu\icu4j\58.2\icu4j-5
Launcher Type: SUN_STANDARD

Environment Variables:
JAVA_HOME=C:\Program Files\Java\jdk1.8.0_202
PATH=C:\Program Files (x86)\Common Files\Oracle\Java\javapath;C:\WINDOWS\system32;C:\WINDOWS;C:\WINDOWS\System32\Wbem;C:\WINDOWS\System32\WindowsPowerShell\v1.0\;C:\WINDOWS\System32\OpenSSH\;C:\Program Files\Git\cmd;C:\Program Files\MySQL\MySQL Shell 8.0\bin\;C:\Users\manue\AppData\Local\Microsoft\WindowsApps;;C:\Users\manue\AppData\Local\Programs\Microsoft VS Code\bin
USERNAME=manue
OS=Windows_NT
PROCESSOR_IDENTIFIER=Intel64 Family 6 Model 142 Stepping 12, GenuineIntel



---------------  S Y S T E M  ---------------

OS: Windows 10.0 , 64 bit Build 19041 (10.0.19041.2251)

CPU:total 8 (initial active 8) (4 cores per cpu, 2 threads per core) family 6 model 142 stepping 12, cmov, cx8, fxsr, mmx, sse, sse2, sse3, ssse3, sse4.1, sse4.2, popcnt, avx, avx2, aes, clmul, erms, 3dnowpref, lzcnt, ht, tsc, tscinvbit, bmi1, bmi2, adx

Memory: 4k page, physical 33360596k(25491136k free), swap 38341332k(26927308k free)

vm_info: Java HotSpot(TM) 64-Bit Server VM (25.202-b08) for windows-amd64 JRE (1.8.0_202-b08), built on Dec 15 2018 19:54:30 by "java_re" with MS VC++ 10.0 (VS2010)

time: Wed Dec 21 10:31:04 2022
timezone: SA Western Standard Time
elapsed time: 0 seconds (0d 0h 0m 0s)

